0 info it worked if it ends with ok
1 verbose cli [ 'node', '/usr/local/bin/npm', 'install' ]
2 info using npm@2.11.2
3 info using node@v0.12.5
4 verbose readDependencies loading dependencies from /Users/jimedlin/Sites/styleguide/package.json
5 warn package.json kiva-styleguide@0.0.0 license should be a valid SPDX license expression
6 verbose install where, deps [ '/Users/jimedlin/Sites/styleguide',
6 verbose install   [ 'grunt',
6 verbose install     'grunt-contrib-concat',
6 verbose install     'grunt-contrib-copy',
6 verbose install     'grunt-contrib-watch',
6 verbose install     'grunt-copy',
6 verbose install     'grunt-sass',
6 verbose install     'grunt-shell' ] ]
7 verbose install where, peers [ '/Users/jimedlin/Sites/styleguide', [] ]
8 verbose installManyTop reading for lifecycle /Users/jimedlin/Sites/styleguide/package.json
9 info preinstall kiva-styleguide@0.0.0
10 verbose installManyTop reading scoped package data from /Users/jimedlin/Sites/styleguide/node_modules/grunt/package.json
11 verbose installManyTop reading scoped package data from /Users/jimedlin/Sites/styleguide/node_modules/grunt-contrib-concat/package.json
12 verbose installManyTop reading scoped package data from /Users/jimedlin/Sites/styleguide/node_modules/grunt-contrib-copy/package.json
13 verbose installManyTop reading scoped package data from /Users/jimedlin/Sites/styleguide/node_modules/grunt-contrib-watch/package.json
14 verbose installManyTop reading scoped package data from /Users/jimedlin/Sites/styleguide/node_modules/grunt-copy/package.json
15 verbose installManyTop reading scoped package data from /Users/jimedlin/Sites/styleguide/node_modules/grunt-sass/package.json
16 verbose installManyTop reading scoped package data from /Users/jimedlin/Sites/styleguide/node_modules/grunt-shell/package.json
17 info package.json grunt@0.4.5 No license field.
18 info package.json grunt-contrib-concat@0.5.1 No license field.
19 info package.json grunt-contrib-watch@0.6.1 No license field.
20 info package.json grunt-contrib-copy@0.8.0 No license field.
21 info package.json grunt-copy@0.1.0 No license field.
22 verbose readDependencies loading dependencies from /Users/jimedlin/Sites/styleguide/package.json
23 verbose targetResolver reading package data from /Users/jimedlin/Sites/styleguide/node_modules/grunt/package.json
24 verbose targetResolver reading package data from /Users/jimedlin/Sites/styleguide/node_modules/grunt-contrib-concat/package.json
25 verbose targetResolver reading package data from /Users/jimedlin/Sites/styleguide/node_modules/grunt-contrib-copy/package.json
26 verbose targetResolver reading package data from /Users/jimedlin/Sites/styleguide/node_modules/grunt-contrib-watch/package.json
27 verbose targetResolver reading package data from /Users/jimedlin/Sites/styleguide/node_modules/grunt-copy/package.json
28 verbose targetResolver reading package data from /Users/jimedlin/Sites/styleguide/node_modules/grunt-sass/package.json
29 verbose targetResolver reading package data from /Users/jimedlin/Sites/styleguide/node_modules/grunt-shell/package.json
30 verbose already installed skipping grunt-sass@~0.18.1 /Users/jimedlin/Sites/styleguide
31 verbose already installed skipping grunt-shell@~1.1.2 /Users/jimedlin/Sites/styleguide
32 verbose already installed skipping grunt@~0.4.5 /Users/jimedlin/Sites/styleguide
33 verbose already installed skipping grunt-contrib-concat@^0.5.1 /Users/jimedlin/Sites/styleguide
34 verbose already installed skipping grunt-contrib-copy@~0.8.0 /Users/jimedlin/Sites/styleguide
35 verbose already installed skipping grunt-contrib-watch@^0.6.1 /Users/jimedlin/Sites/styleguide
36 verbose already installed skipping grunt-copy@~0.1.0 /Users/jimedlin/Sites/styleguide
37 silly install resolved []
38 info build /Users/jimedlin/Sites/styleguide
39 info linkStuff kiva-styleguide@0.0.0
40 silly linkStuff kiva-styleguide@0.0.0 has /Users/jimedlin/Sites as its parent node_modules
41 verbose linkBins kiva-styleguide@0.0.0
42 verbose linkMans kiva-styleguide@0.0.0
43 verbose rebuildBundles kiva-styleguide@0.0.0
44 verbose rebuildBundles [ 'grunt',
44 verbose rebuildBundles   'grunt-contrib-concat',
44 verbose rebuildBundles   'grunt-contrib-copy',
44 verbose rebuildBundles   'grunt-contrib-watch',
44 verbose rebuildBundles   'grunt-copy',
44 verbose rebuildBundles   'grunt-sass',
44 verbose rebuildBundles   'grunt-shell' ]
45 info install kiva-styleguide@0.0.0
46 info postinstall kiva-styleguide@0.0.0
47 info prepublish kiva-styleguide@0.0.0
48 verbose unsafe-perm in lifecycle true
49 info kiva-styleguide@0.0.0 Failed to exec prepublish script
50 verbose stack Error: kiva-styleguide@0.0.0 prepublish: `bower install --config.interactive=false && grunt init && grunt compile`
50 verbose stack Exit status 6
50 verbose stack     at EventEmitter.<anonymous> (/usr/local/lib/node_modules/npm/lib/utils/lifecycle.js:213:16)
50 verbose stack     at EventEmitter.emit (events.js:110:17)
50 verbose stack     at ChildProcess.<anonymous> (/usr/local/lib/node_modules/npm/lib/utils/spawn.js:24:14)
50 verbose stack     at ChildProcess.emit (events.js:110:17)
50 verbose stack     at maybeClose (child_process.js:1015:16)
50 verbose stack     at Process.ChildProcess._handle.onexit (child_process.js:1087:5)
51 verbose pkgid kiva-styleguide@0.0.0
52 verbose cwd /Users/jimedlin/Sites/styleguide
53 error Darwin 14.3.0
54 error argv "node" "/usr/local/bin/npm" "install"
55 error node v0.12.5
56 error npm  v2.11.2
57 error code ELIFECYCLE
58 error kiva-styleguide@0.0.0 prepublish: `bower install --config.interactive=false && grunt init && grunt compile`
58 error Exit status 6
59 error Failed at the kiva-styleguide@0.0.0 prepublish script 'bower install --config.interactive=false && grunt init && grunt compile'.
59 error This is most likely a problem with the kiva-styleguide package,
59 error not with npm itself.
59 error Tell the author that this fails on your system:
59 error     bower install --config.interactive=false && grunt init && grunt compile
59 error You can get their info via:
59 error     npm owner ls kiva-styleguide
59 error There is likely additional logging output above.
60 verbose exit [ 1, true ]
